1558515554647	geckodriver	INFO	geckodriver 0.18.0
1558515554702	geckodriver	INFO	Listening on 127.0.0.1:58404
1558515728485	geckodriver	INFO	geckodriver 0.18.0
1558515728532	geckodriver	INFO	Listening on 127.0.0.1:59020
1558515731759	geckodriver::marionette	INFO	Starting browser E:\procedure\firefox.exe with args ["-marionette"]
1558515756882	addons.webextension.screenshots@mozilla.org	WARN	Loading extension 'screenshots@mozilla.org': Reading manifest: Invalid extension permission: mozillaAddons
1558515756883	addons.webextension.screenshots@mozilla.org	WARN	Loading extension 'screenshots@mozilla.org': Reading manifest: Invalid extension permission: resource://pdf.js/
1558515757020	addons.webextension.screenshots@mozilla.org	WARN	Loading extension 'screenshots@mozilla.org': Reading manifest: Invalid extension permission: about:reader*
1558515757772	Marionette	TRACE	Received observer notification profile-after-change
1558515762238	Marionette	TRACE	Received observer notification toplevel-window-ready
1558515762302	Marionette	TRACE	Received observer notification command-line-startup
1558515762302	Marionette	TRACE	Received observer notification nsPref:changed
1558515762302	Marionette	DEBUG	Init aborted (running=false, enabled=true, finalUIStartup=false)
1558515768256	geckodriver	INFO	geckodriver 0.18.0
1558515768301	geckodriver	INFO	List[GFX1-]: Failed to connect GPU process
[20412, Chrome_ChildThread] WARNING: failed to create pipe: 2: file z:/build/build/src/ipc/chrom1558515778863	addons.webextension.screenshots@mozilla.org	WARN	Loading extension 'screenshots@mozilla.org': Reading manifest: Invalid extension permission: mozillaAddons
1558515778864	addons.webextension.screenshots@mozilla.org	WARN	Loading extension 'screenshots@mozilla.org': Reading manifest: Invalid extension permission: resource://pdf.js/
1558515778864	addons.wIPDL protocol error: Handler returned error code!

###!!! [Parent][DispatchAsyncMessage] Error: PLayerTransaction::Msg_ReleaseLayer Processing error: message was deserialized, but the handler returned false (indicating failure)

IPDL protocol error: Handler returned error code!

###!!! [Parent][DispatchAsyncMessage] Error: PLayerTransaction::Msg_ReleaseLayer Processing error: message was deserialized, but the handler returned false (indicating failure)

IPDL protocol error: Handler returned error code!

###!!! [Parent][DispatchAsyncMessage] Error: PLayerTransaction::Msg_ReleaseLayer Processing error: message was deserialized, but the handler returned false (indicating failure)

IPDL protocol error: Handler returned error code!

###!!! [Parent][DispatchAsyncMessage] Error: PLayerTransaction::Msg_ReleaseLayer Processing error: message was deserialized, but the handler returned false (indicating failure)

1558515795635	Marionette	TRACE	Received observer notification sessionstore-windows-restored
1558515795636	Marionette	TRACE	Waiting until startup recorder finished recording startup scripts...
1558515795746	Marionette	TRACE	All scripts recorded.
1558515795746	Marionette	DEBUG	Setting recommended pref app.normandy.api_url to 
1558515795746	Marionette	DEBUG	Setting recommended pref app.update.disabledForTesting to true
1558515795747	Marionette	DEBUG	Setting recommended pref browser.contentblocking.introCount to 99
1558515795748	Marionette	DEBUG	Setting recommended pref browser.safebrowsing.passwords.enabled to false
1558515795749	Marionette	DEBUG	Setting recommended pref browser.urlbar.suggest.searches to false
1558515795749	Marionette	DEBUG	Setting recommended pref datareporting.policy.dataSubmissionPolicyAccepted to false
1558515795749	Marionette	DEBUG	Setting recommended pref dom.disable_beforeunload to true
1558515795750	Marionette	DEBUG	Setting recommended pref dom.file.createInChild to true
1558515795751	Marionette	DEBUG	Setting recommended pref toolkit.cosmeticAnimations.enabled to false
1558515796291	Marionette	INFO	Listening on port 59059
1558515796292	Marionette	DEBUG	Remote service is active
1558515796499	Marionette	DEBUG	Accepted connection 0 from 127.0.0.1:59307
1558515796511	Marionette	DEBUG	0 -> [0,1,"newSession",{"acceptInsecureCerts":true,"browserName":"firefox","capabilities":{"desiredCapabilities":{"acceptInsecureCerts":true,"browserName":"firefox"}}}]
1558515796512	Marionette	DEBUG	0 <- [1,1,{"error":"unknown command","message":"newSession","stacktrace":"WebDriverError@chrome://marionette/content/error.js:179: ... et@chrome://marionette/content/server.js:235:8\n_onJSONObjectReady/<@chrome://marionette/content/transport.js:493:9\n"},null]
1558515799630	Marionette	DEBUG	Closed connection 0
JavaScript error: resource://activity-stream/lib/ActivityStreamPrefs.jsm, line 23: NS_ERROR_ILLEGAL_VALUE: Component returned failure code: 0x80070057 (NS_ERROR_ILLEGAL_VALUE) [nsIPrefBranch.removeObserver]
[Child 19628,1558515829810	addons.webextension.screenshots@mozilla.org	WARN	Loading extension 'screenshots@mozilla.org': Reading manifest: Invalid extension permission: mozillaAddons
1558515829811	addons.webextension.screenshots@mozilla.org	WARN	Loading extension 'screenshots@mozilla.org': Reading manifest: Invalid extension permission: resource://pdf.js/
1558515829811	addons.webextension.screenshots@mozilla.org	WARN	Loading extension 'screenshots@mozilla.org': Reading manifest: Invalid extension permission: about:reader*
1558515830107	Marionette	TRACE	Received observer notification profile-after-change
1558515831015	Marionette	TRACE	Received observer notification toplevel-window-ready
1558515831075	Marionette	TRACE	Received observer notification command-line-startup
1558515831075	Marionette	TRACE	Received observer notification nsPref:changed
1558515831075	Marionette	DEBUG	Init aborted (running=false, enabled=true, finalUIStartup=false)
1558515833455	Marionette	TRACE	Received observer notification toplevel-window-ready
IPDL protocol error: Handler returned error code!

###!!! [Parent][DispatchAsyncMessage] Error: PLayerTransaction::Msg_ReleaseLayer Processing error: message was deserialized, but the handler returned false (indicating failure)

IPDL protocol error: Handler returned error code!

###!!! [Parent][DispatchAsyncMessage] Error: PLayerTransaction::Msg_ReleaseLayer Processing error: message was deserialized, but the handler returned false (indicating failure)

IPDL protocol error: Handler returned error code!

###!!! [Parent][DispatchAsyncMessage] Error: PLayerTransaction::Msg_ReleaseLayer Processing error: message was deserialized, but the handler returned false (indicating failure)

IPDL protocol error: Handler returned error code!

###!!! [Parent][DispatchAsyncMessage] Error: PLayerTransaction::Msg_ReleaseLayer Processing error: message was deserialized, but the handler returned false (indicating failure)

IPDL protocol error: Handler returned error code!

###!!! [Parent][DispatchAsyncMessage] Error: PLayerTransaction::Msg_ReleaseLayer Processing error: message was deserialized, but the handler returned false (indicating failure)

1558515857119	Marionette	TRACE	Received observer notification sessionstore-windows-restored
1558515857119	Marionette	TRACE	Waiting until startup recorder finished recording startup scripts...
1558515857216	Marionette	TRACE	All scri1558515858693	geckodriver::marionette	INFO	Starting browser E:\procedure\firefox.exe with args ["-marionette"]
1558515865169	addons.webextension.screenshots@mozilla.org	WARN	Loading extension 'screenshots@mozilla.org': Reading manifest: Invalid extension permission: mozillaAddons
1558515865169	addons.webextension.screenshots@mozilla.org	WARN	Loading extension 'screenshots@mozilla.org': Reading manifest: Invalid extension permission: resource://pdf.js/
1558515865169	addons.webextension.screenshots@mozilla.org	WARN	Loading extension 'screenshots@mozilla.org': Reading manifest: Invalid extension permission: about:reader*
1558515865830	Marionette	TRACE	Received observer notification profile-after-change
1558515868745	Marionette	TRACE	Received observer notification toplevel-window-ready
1558515868796	Marionette	TRACE	Received observer notification command-line-startup
1558515868796	Marionette	TRACE	Received observer notification nsPref:changed
1558515868796	Marionette	DEBUG	Init aborted (running=false, enabled=true, finalUIStartup=false)
1558515877276	Marionette	TRACE	Received observer notification toplevel-window-ready
[GFX1-]: Failed to connect GPU process
1558515897176	Marionette	TRACE	Received observer notification sessionstore-windows-restored
1558515897176	Marionette	TRACE	Waiting until startup recorder finished recording startup scripts...
1558515897278	Marionette	TRACE	All scripts recorded.
1558515897278	Marionette	DEBUG	Setting recommended pref app.normandy.api_url to 
1558515897278	Marionette	DEBUG	Setting recommended pref app.update.disabledForTesting to true
1558515897279	1558515920575	Marionette	TRACE	Received observer notification xpcom-will-shutdown
1558515920575	Marionette	DEBUG	Resetting recommended pref app.normandy.api_url
1558515920575	Marionette	DEBUG	Resetting recommended pref app.update.disabledForTesting
1558515920576	Marionette	DEBUG	Resetting recommended pref browser.contentblocking.introCount
1558515920576	Marionette	DEBUG	Resetting recommended pref browser.safebrowsing.passwords.enabled
1558515920576	Marionette	DEBUG	Resetting recommended pref browser.urlbar.suggest.searches
1558515920576	Marionette	DEBUG	Resetting recommended pref datareporting.policy.dataSubmissionPolicyAccepted
1558515920576	Marionette	DEBUG	Resetting recommended pref dom.disable_beforeunload
1558515920576	Marionette	DEBUG	Resetting recommended pref dom.file.createInChild
1558515920577	Marionette	DEBUG	Resetting recommended pref toolkit.cosmeticAnimations.enabled
1558515920578	Marionette	INFO	Stopped listening on port 59364
1558515920578	Marionette	DEBUG	Remote service is inactive

###!!! [Child][RunMessage] Error: Channel closing: too late to send/recv, messages will be lost

[GPU 18384, Ch
###!!! [Child][MessageChannel::SendAndWait] Error: Channel error: cannot send/recv

9: ... et@chrome://marionette/content/server.js:235:8\n_onJSONObjectReady/<@chrome://marionette/content/transport.js:493:9\n"},null]
1558515897774	Marionette	DEBUG	Closed connection 0
JavaScript error: resource://activity-stream/lib/ActivityStreamPrefs.jsm, line 23: NS_ERROR_ILLEGAL_VALUE: Component returned failure code: 0x80070057 (NS_ERROR_ILLEGAL_VALUE) [nsIPrefBranch.removeObserver]
JavaScript error: jar:file:///E:/procedure/omni.ja!/components/nsUrlClassifierListManager.js, line 597: TypeError: this.tablesData[table] is undefined
console.error: 
  [Exception... "Component returned failure code: 0x80004005 (NS_ERROR_FAILURE) [nsIAppShellService.hiddenDOMWindow]"  nsresult: "0x80004005 (NS_ERROR_FAILURE)"  location: "JS frame :: resource://activity-stream/lib/DownloadsManager.jsm :: init :: line 44"  data: no]: init@resource://activity-stream/lib/DownloadsManager.jsm:44:5
postInit@resource://activity-stream/lib/HighlightsFeed.jsm:60:5
handler@resource://gre/modules/EventEmitter.jsm:94:11
emit@resource://gre/modules/EventEmitter.jsm:149:11
init@resource://activity-stream/lib/SectionsManager.jsm:119:5
observe@resource://gre/modules/AsyncShutdown.jsm:533:9

WARNING: At least one completion condition is taking too long to complete. Conditions: [{"name":"Extension shutdown: webcompat@mozilla.org","state":{"state":"Shutdown: Emit shutdown"},"filename":"resource://gre/modules/addons/XPIProvider.jsm","lineNumber":2225,"stack":["resource://gre/modules/addons/XPIProvider.jsm:startup/<:2225","resource://gre/modules/AsyncShutdown.jsm:observe:533"]},{"name":"Extension shutdown: screenshots@mozilla.org","state":{"state":"Shutdown: Emit shutdown"},"filename":"resource://gre/modules/addons/XPIProvider.jsm","lineNumber":2225,"stack":["resource://gre/modules/addons/XPIProvider.jsm:startup/<:2225","resource://gre/modules/AsyncShutdown.jsm:observe:533"]},{"name":"Extension shutdown: formautofill@mozilla.org","state":{"state":"Shutdown: Emit shutdown"},"filename":"resource://gre/modules/addons/XPIProvider.jsm","lineNumber":2225,"stack":["resource://gre/modules/addons/XPIProvider.jsm:startup/<:2225","resource://gre/modules/AsyncShutdown.jsm:observe:533"]}] Barrier: profile-change-teardown
1558515928390	Marionette	TRACE	Received observer notification xpcom-will-shutdown
1558515928391	Marionette	DEBUG	Resetting recommended pref app.normandy.api_url
1558515928391	Marionette	DEBUG	Resetting recommended pref app.update.disabledForTesting
1558515928391	Marionette	DEBUG	Resetting recommended pref browser.contentblocking.introCount
1558515928391	Marionette	DEBUG	Resetting recommended pref browser.safebrowsing.passwords.enabled
1558515928391	Marionette	DEBUG	Resetting recommended pref browser.urlbar.suggest.searches
1558515928392	Marionette	DEBUG	Resetting recommended pref datareporting.policy.dataSubmissionPolicyAccepted
1558515928392	Marionette	DEBUG	Resetting recommended pref dom.disable_beforeunload
1558515928392	Marionette	DEBUG	Resetting recommended pref dom.file.createInChild
1558515928392	Marionette	DEBUG	Resetting recommended pref toolkit.cosmeticAnimations.enabled
1558515928393	Marionette	INFO	Stopped listening on port 59571
1558515928394	Marionette	DEBUG	Remote service is inactive
1558516048733	mozrunner::runner	INFO	Running command: "E:\\procedure\\firefox.exe" "-marionette" "-foreground" "-no-remote" "-profile" "C:\\Users\\ADMINI~1\\AppData\\Local\\Temp\\rust_mozprofile.fj3muAi2lxK0"
1558516095040	mozrunner::runner	INFO	Running command: "E:\\procedure\\firefox.exe" "-marionette" "-foreground" "-no-remote" "-profile" "C:\\Users\\ADMINI~1\\AppData\\Local\\Temp\\rust_mozprofile.qGPiP9IgtW7P"
1558516128046	addons.webextension.screenshots@mozilla.org	WARN	Loading extension 'screenshots@mozilla.org': Reading manifest: Invalid extension permission: mozillaAddons
1558516128046	addons.webextension.screenshots@mozilla.org	WARN	Loading extension 'screenshots@mozilla.org': Reading manifest: Invalid extension permission: resource://pdf.js/
1558516128046	addons.webextension.screenshots@mozilla.org	WARN	Loading extension 'screenshots@mozilla.org': Reading manifest: Invalid extension permission: about:reader*
1558516155036	Marionette	INFO	Listening on port 60483
1558516155811	Marionette	WARN	TLS certificate errors will be ignored for this session
JavaScript error: https://ss1.bdstatic.com/5eN1bjq8AAUYm2zgoY3K/r/www/cache/static/protocol/https/plugins/every_cookie_4644b13.js, line 4: ReferenceError: c is not defined
[Child 11376, Chrome_ChildThread] WARNING: pipe error: 109: file z:/build/build/src/ipc/chromium/src/chrome/common/ipc_channel_win.cc, line 332
[Chi[Child 764, Chrome_ChildThread] WARNING: pipe error: 109: file z:/build/build/src/ipc/chromium/src/chrome/common/ipc_channel_win.cc, line 332
[ChiJavaScript error: resource:///modules/sessionstore/SessionSaver.jsm, line 179: NS_ERROR_FAILURE: Component returned failure code: 0x80004005 (NS_ERROR_FAILURE) [nsIAppShellService.hiddenDOMWindow]
1558516251934	Marionette	INFO	Stopped listening on port 60483

###!!! [Child][MessageChannel::SendAndWait] Error: Channel error: cannot send/recv

nel_win.cc, line 332
[Child 17368, Chrome_ChildThread] WAR[ChNiIlNdG :2 0p8i8, Chrpoem ee_rCrhoirl:dThread] WARNI NG: p10i9pe error: 10:9 : file z:/build/build/src/ipc/chfriomlie uz:/bmu/sirlcd//chrome/combmuoinl/di/pscr_cc/hiapncne/lc_hrwoinm.icucm, l/isnrec /332c
hrome[/common/ipc_channel_win.cc, line 332
[Child 171558516251921	Marionette	INFO	Stopped listening on port 60605
shots@mozilla.org': Reading manifest: Invalid extension permission: about:reader*
[GFX1-]: Failed to connect GPU process
1558574640661	geckodriver	INFO	geckodriver 0.19.1
1558574640723	geckodriver	INFO	Listening on 127.0.0.1:54378
1558574644155	mozrunner::runner	INFO	Running command: "C:\\Program Files\\Mozilla Firefox\\firefox.exe" "-marionette" "-profile" "C:\\Users\\ADMINI~1\\AppData\\Local\\Temp\\rust_mozprofile.0tMU6EQJ8ELv"
Unable to read VR Path Registry from C:\Users\Administrator\AppData\Local\openvr\openvrpaths.vrpath
1558574648862	Marionette	INFO	Enabled via --marionette
Unable to read VR Path Registry from C:\Users\Administrator\AppData\Local\openvr\openvrpaths.vrpath
Unable to read VR Path Registry from C:\Users\Administrator\AppData\Local\openvr\openvrpaths.vrpath
Unable to read VR Path Registry from C:\Users\Administrator\AppData\Local\openvr\openvrpaths.vrpath
[GFX1-]: Could not get a DXGI adapter
[GFX1-]: Could not get a DXGI adapter
[Child 10264, Chrome_ChildThread] WARNING: pipe error: 109: file z:/build/build/src/ipc/chromium/src/chrome/common/ipc_channel_win.cc, line 346
[Child Unable to read VR Path Registry from C:\Users\Administrator\AppData\Local\openvr\openvrpaths.vrpath
[GFX1-]: Could not get a DXGI adapter
1558574655809	Marionette	INFO	Listening on port 54390
1558574656221	Marionette	WARN	TLS certificate errors will be ignored for this session
1558574656288	Marionette	DEBUG	Register listener.js for window 4294967297
1558574657001	Marionette	DEBUG	Received DOM event "beforeunload" for "about:blank"
1558574658819	Marionette	DEBUG	Received DOM event "pagehide" for "about:blank"
1558574658819	Marionette	DEBUG	Received DOM event "unload" for "about:blank"
JavaScript error: https://ss1.bdstatic.com/5eN1bjq8AAUYm2zgoY3K/r/www/cache/static/protocol/https/plugins/every_cookie_4644b13.js, line 4: ReferenceError: c is not defined
1558574659416	Marionette	DEBUG	Received DOM event "DOMContentLoaded" for "https://www.baidu.com/"
1558574659495	Marionette	DEBUG	Received DOM event "pageshow" for "https://www.baidu.com/"
[Child 2664, Chrome_ChildThread] WARNING: pipe error: 109: file z:/build/build/src/ipc/chromium/src/chrome/common/ipc_channel_win.cc, line 346
[Chi*** UTM:SVC TimerManager:registerTimer called after profile-before-change notification. Ignoring timer registration for id: telemetry_modules_ping

###!!! [Child][MessageChannel::SendAndWait] Error: Channel error: cannot send/recv

1558928408452	geckodriver	INFO	geckodriver 0.19.1
1558928408510	geckodriver	INFO	Listening on 127.0.0.1:54169
1558928411590	mozrunner::runner	INFO	Running command: "C:\\Program Files\\Mozilla Firefox\\firefox.exe" "-marionette" "-profile" "C:\\Users\\ADMINI~1\\AppData\\Local\\Temp\\rust_mozprofile.DlUqUPl2b3va"
Unable to read VR Path Registry from C:\Users\Administrator\AppData\Local\openvr\openvrpaths.vrpath
1558928416990	Marionette	INFO	Enabled via --marionette
Unable to read VR Path Registry from C:\Users\Administrator\AppData\Local\openvr\openvrpaths.vrpath
Unable to read VR Path Registry from C:\Users\Administrator\AppData\Local\openvr\openvrpaths.vrpath
[GFX1-]: Could not get a DXGI adapter
Unable to read VR Path Registry from C:\Users\Administrator\AppData\Local\openvr\openvrpaths.vrpath
[GFX1-]: Could not get a DXGI adapter
[Parent 5612, Gecko_IOThread] WARNING: pipe error: 109: file z:/build/build/src/ipc/chromium/src/chrome/common/ipc_channel_win.cc, line 346
[Child 9948, Chrome_ChildThread] WARNING: pipe error: 109: file z:/build/build/src/ipc/chromium/src/chrome/common/ipc_channel_win.cc, line 346
[ChildUnable to read VR Path Registry from C:\Users\Administrator\AppData\Local\openvr\openvrpaths.vrpath
[GFX1-]: Could not get a DXGI adapter
1558928428300	Marionette	INFO	Listening on port 54186
1558928429010	Marionette	WARN	TLS certificate errors will be ignored for this session
1558928429141	Marionette	DEBUG	Register listener.js for window 4294967297
1558928431444	Marionette	DEBUG	Received DOM event "beforeunload" for "about:blank"
1558928432641	Marionette	DEBUG	Received DOM event "pagehide" for "about:blank"
1558928432641	Marionette	DEBUG	Received DOM event "unload" for "about:blank"
1558928452965	Marionette	DEBUG	Received DOM event "DOMContentLoaded" for "http://www.5itest.cn/register"
1558928453829	Marionette	DEBUG	Received DOM event "pageshow" for "http://www.5itest.cn/register"
1558928465855	Marionette	DEBUG	Canceled page load listener because no navigation has been detected
1558928677511	geckodriver	INFO	geckodriver 0.19.1
1558928677560	geckodriver	INFO	Listening on 127.0.0.1:55015
1558928681122	mozrunner::runner	INFO	Running command: "C:\\Program Files\\Mozilla Firefox\\firefox.exe" "-marionette" "-profile" "C:\\Users\\ADMINI~1\\AppData\\Local\\Temp\\rust_mozprofile.37elbttmesmM"
Unable to read VR Path Registry from C:\Users\Administrator\AppData\Local\openvr\openvrpaths.vrpath
1558928691511	Marionette	INFO	Enabled via --marionette
Unable to read VR Path Registry from C:\Users\Administrator\AppData\Local\openvr\openvrpaths.vrpath
Unable to read VR Path Registry from C:\Users\Administrator\AppData\Local\openvr\openvrpaths.vrpath
[Parent 12276, Gecko_IOThread] WARNING: pipe error: 109: file z:/build/build/src/ipc/chromium/src/chrome/common/ipc_channel_win.cc, line 346
[Child 16300, Chrome_ChildThread] WARNING: pipe error: 109: file z:/build/build/src/ipc/chromium/src/chrome/common/ipc_channel_win.cc, line 346
[Child 16301558928704828	addons.xpi	WARN	Exception running bootstrap method shutdown on activity-stream@mozilla.org: [Exception... "Component returned failure code: 0x80004005 (NS_ERROR_FAILURE) [nsIObserverService.removeObserver]"  nsresult: "0x80004005 (NS_ERROR_FAILURE)"  location: "JS frame :: resource://activity-stream/lib/SnippetsFeed.jsm :: uninit :: line 123"  data: no] Stack trace: uninit()@resource://activity-stream/lib/SnippetsFeed.jsm:123 < onAction()@resource://activity-stream/lib/SnippetsFeed.jsm:138 < _middleware/</<()@resource://activity-stream/lib/Store.jsm:52 < Store/this[method]()@resource://activity-stream/lib/Store.jsm:31 < uninit()@resource://activity-stream/lib/Store.jsm:151 < uninit()@resource://activity-stream/lib/ActivityStream.jsm:266 < uninit()@resource://gre/modules/addons/XPIProvider.jsm -> jar:file:///C:/Program%20Files/Mozilla%20Firefox/browser/features/activity-stream@mozilla.org.xpi!/bootstrap.js:80 < shutdown()@resource://gre/modules/addons/XPIProvider.jsm -> jar:file:///C:/Program%20Files/Mozilla%20Firefox/browser/features/activity-stream@mozilla.org.xpi!/bootstrap.js:196 < callBootstrapMethod()@resource://gre/modules/addons/XPIProvider.jsm:4509 < observe()@resource://gre/modules/addons/XPIProvider.jsm:2281
Unable to read VR Path Registry from C:\Users\Administrator\AppData\Local\openvr\openvrpaths.vrpath
1558928706000	Marionette	INFO	Listening on port 55051
Unable to read VR Path Registry from C:\Users\Administrator\AppData\Local\openvr\openvrpaths.vrpath
Promise rejected while context is inactive: Message manager disconnected
[Child 15748, *** UTM:SVC TimerManager:registerTimer called after profile-before-change notification. Ignoring timer registration for id: telemetry_modules_ping
[GPU
###!!! [Child][MessageChannel::SendAndWait] Error: Channel error: cannot send/recv

